# JRE version: OpenJDK Runtime Environment Temurin-21.0.9+10 (21.0.9+10) (build 21.0.9+10-LTS)
# Java VM: OpenJDK 64-Bit Server VM Temurin-21.0.9+10 (21.0.9+10-LTS, mixed mode, sharing, tiered, compressed oops, compressed class ptrs, parallel gc, windows-amd64)
GC Precious Log:
 CardTable entry size: 512
 CPUs: 4 total, 4 available
 Memory: 6081M
 Large Page Support: Disabled
 NUMA Support: Disabled
 Compressed Oops: Enabled (32-bit)
 Alignments: Space 512K, Generation 512K, Heap 2M
 Heap Min Capacity: 100M
 Heap Initial Capacity: 100M
 Heap Max Capacity: 2G
 Pre-touch: Disabled
 Parallel Workers: 4
Heap:
 PSYoungGen      total 21504K, used 12777K [0x00000000d5580000, 0x00000000d6f80000, 0x0000000100000000)
  eden space 19968K, 58% used [0x00000000d5580000,0x00000000d60da7c8,0x00000000d6900000)
  from space 1536K, 75% used [0x00000000d6e00000,0x00000000d6f20020,0x00000000d6f80000)
  to   space 2560K, 0% used [0x00000000d6a80000,0x00000000d6a80000,0x00000000d6d00000)
 ParOldGen       total 68608K, used 51979K [0x0000000080000000, 0x0000000084300000, 0x00000000d5580000)
  object space 68608K, 75% used [0x0000000080000000,0x00000000832c2fa8,0x0000000084300000)
 Metaspace       used 58979K, committed 60480K, reserved 1114112K
  class space    used 6247K, committed 6912K, reserved 1048576K
GC Heap History (20 events):
Event: 46.000 GC heap before
{Heap before GC invocations=42 (full 2):
 PSYoungGen      total 20480K, used 20466K [0x00000000d5580000, 0x00000000d6b00000, 0x0000000100000000)
  eden space 19968K, 100% used [0x00000000d5580000,0x00000000d6900000,0x00000000d6900000)
  from space 512K, 97% used [0x00000000d6a00000,0x00000000d6a7c9e0,0x00000000d6a80000)
  to   space 512K, 0% used [0x00000000d6a80000,0x00000000d6a80000,0x00000000d6b00000)
 ParOldGen       total 68608K, used 55515K [0x0000000080000000, 0x0000000084300000, 0x00000000d5580000)
  object space 68608K, 80% used [0x0000000080000000,0x0000000083636f28,0x0000000084300000)
 Metaspace       used 54426K, committed 55808K, reserved 1114112K
  class space    used 5765K, committed 6336K, reserved 1048576K
}
Event: 46.002 GC heap after
{Heap after GC invocations=42 (full 2):
 PSYoungGen      total 20480K, used 361K [0x00000000d5580000, 0x00000000d6b00000, 0x0000000100000000)
  eden space 19968K, 0% used [0x00000000d5580000,0x00000000d5580000,0x00000000d6900000)
  from space 512K, 70% used [0x00000000d6a80000,0x00000000d6ada7e0,0x00000000d6b00000)
  to   space 512K, 0% used [0x00000000d6a00000,0x00000000d6a00000,0x00000000d6a80000)
 ParOldGen       total 68608K, used 55743K [0x0000000080000000, 0x0000000084300000, 0x00000000d5580000)
  object space 68608K, 81% used [0x0000000080000000,0x000000008366fc08,0x0000000084300000)
 Metaspace       used 54426K, committed 55808K, reserved 1114112K
  class space    used 5765K, committed 6336K, reserved 1048576K
}
Event: 46.305 GC heap before
{Heap before GC invocations=43 (full 2):
 PSYoungGen      total 20480K, used 20329K [0x00000000d5580000, 0x00000000d6b00000, 0x0000000100000000)
  eden space 19968K, 100% used [0x00000000d5580000,0x00000000d6900000,0x00000000d6900000)
  from space 512K, 70% used [0x00000000d6a80000,0x00000000d6ada7e0,0x00000000d6b00000)
  to   space 512K, 0% used [0x00000000d6a00000,0x00000000d6a00000,0x00000000d6a80000)
 ParOldGen       total 68608K, used 55743K [0x0000000080000000, 0x0000000084300000, 0x00000000d5580000)
  object space 68608K, 81% used [0x0000000080000000,0x000000008366fc08,0x0000000084300000)
 Metaspace       used 54836K, committed 56256K, reserved 1114112K
  class space    used 5821K, committed 6400K, reserved 1048576K
}
Event: 46.307 GC heap after
{Heap after GC invocations=43 (full 2):
 PSYoungGen      total 20480K, used 357K [0x00000000d5580000, 0x00000000d6b00000, 0x0000000100000000)
  eden space 19968K, 0% used [0x00000000d5580000,0x00000000d5580000,0x00000000d6900000)
  from space 512K, 69% used [0x00000000d6a00000,0x00000000d6a597e8,0x00000000d6a80000)
  to   space 512K, 0% used [0x00000000d6a80000,0x00000000d6a80000,0x00000000d6b00000)
 ParOldGen       total 68608K, used 55807K [0x0000000080000000, 0x0000000084300000, 0x00000000d5580000)
  object space 68608K, 81% used [0x0000000080000000,0x000000008367fc08,0x0000000084300000)
 Metaspace       used 54836K, committed 56256K, reserved 1114112K
  class space    used 5821K, committed 6400K, reserved 1048576K
}
Event: 46.753 GC heap before
{Heap before GC invocations=44 (full 2):
 PSYoungGen      total 20480K, used 20325K [0x00000000d5580000, 0x00000000d6b00000, 0x0000000100000000)
  eden space 19968K, 100% used [0x00000000d5580000,0x00000000d6900000,0x00000000d6900000)
  from space 512K, 69% used [0x00000000d6a00000,0x00000000d6a597e8,0x00000000d6a80000)
  to   space 512K, 0% used [0x00000000d6a80000,0x00000000d6a80000,0x00000000d6b00000)
 ParOldGen       total 68608K, used 55807K [0x0000000080000000, 0x0000000084300000, 0x00000000d5580000)
  object space 68608K, 81% used [0x0000000080000000,0x000000008367fc08,0x0000000084300000)
 Metaspace       used 55115K, committed 56512K, reserved 1114112K
  class space    used 5854K, committed 6464K, reserved 1048576K
}
Event: 46.755 GC heap after
{Heap after GC invocations=44 (full 2):
 PSYoungGen      total 20480K, used 496K [0x00000000d5580000, 0x00000000d6b00000, 0x0000000100000000)
  eden space 19968K, 0% used [0x00000000d5580000,0x00000000d5580000,0x00000000d6900000)
  from space 512K, 96% used [0x00000000d6a80000,0x00000000d6afc0e0,0x00000000d6b00000)
  to   space 1024K, 0% used [0x00000000d6900000,0x00000000d6900000,0x00000000d6a00000)
 ParOldGen       total 68608K, used 55939K [0x0000000080000000, 0x0000000084300000, 0x00000000d5580000)
  object space 68608K, 81% used [0x0000000080000000,0x00000000836a0e60,0x0000000084300000)
 Metaspace       used 55115K, committed 56512K, reserved 1114112K
  class space    used 5854K, committed 6464K, reserved 1048576K
}
Event: 47.059 GC heap before
{Heap before GC invocations=45 (full 2):
 PSYoungGen      total 20480K, used 20464K [0x00000000d5580000, 0x00000000d6b00000, 0x0000000100000000)
  eden space 19968K, 100% used [0x00000000d5580000,0x00000000d6900000,0x00000000d6900000)
  from space 512K, 96% used [0x00000000d6a80000,0x00000000d6afc0e0,0x00000000d6b00000)
  to   space 1024K, 0% used [0x00000000d6900000,0x00000000d6900000,0x00000000d6a00000)
 ParOldGen       total 68608K, used 55939K [0x0000000080000000, 0x0000000084300000, 0x00000000d5580000)
  object space 68608K, 81% used [0x0000000080000000,0x00000000836a0e60,0x0000000084300000)
 Metaspace       used 55486K, committed 56960K, reserved 1114112K
  class space    used 5894K, committed 6528K, reserved 1048576K
}
Event: 47.061 GC heap after
{Heap after GC invocations=45 (full 2):
 PSYoungGen      total 20992K, used 951K [0x00000000d5580000, 0x00000000d6b00000, 0x0000000100000000)
  eden space 19968K, 0% used [0x00000000d5580000,0x00000000d5580000,0x00000000d6900000)
  from space 1024K, 92% used [0x00000000d6900000,0x00000000d69ede08,0x00000000d6a00000)
  to   space 1024K, 0% used [0x00000000d6a00000,0x00000000d6a00000,0x00000000d6b00000)
 ParOldGen       total 68608K, used 56203K [0x0000000080000000, 0x0000000084300000, 0x00000000d5580000)
  object space 68608K, 81% used [0x0000000080000000,0x00000000836e2e68,0x0000000084300000)
 Metaspace       used 55486K, committed 56960K, reserved 1114112K
  class space    used 5894K, committed 6528K, reserved 1048576K
}
Event: 47.490 GC heap before
{Heap before GC invocations=46 (full 2):
 PSYoungGen      total 20992K, used 20919K [0x00000000d5580000, 0x00000000d6b00000, 0x0000000100000000)
  eden space 19968K, 100% used [0x00000000d5580000,0x00000000d6900000,0x00000000d6900000)
  from space 1024K, 92% used [0x00000000d6900000,0x00000000d69ede08,0x00000000d6a00000)
  to   space 1024K, 0% used [0x00000000d6a00000,0x00000000d6a00000,0x00000000d6b00000)
 ParOldGen       total 68608K, used 56203K [0x0000000080000000, 0x0000000084300000, 0x00000000d5580000)
  object space 68608K, 81% used [0x0000000080000000,0x00000000836e2e68,0x0000000084300000)
 Metaspace       used 55528K, committed 56960K, reserved 1114112K
  class space    used 5898K, committed 6528K, reserved 1048576K
}
Event: 47.493 GC heap after
{Heap after GC invocations=46 (full 2):
 PSYoungGen      total 20992K, used 527K [0x00000000d5580000, 0x00000000d6b00000, 0x0000000100000000)
  eden space 19968K, 0% used [0x00000000d5580000,0x00000000d5580000,0x00000000d6900000)
  from space 1024K, 51% used [0x00000000d6a00000,0x00000000d6a83cc8,0x00000000d6b00000)
  to   space 1024K, 0% used [0x00000000d6900000,0x00000000d6900000,0x00000000d6a00000)
 ParOldGen       total 68608K, used 56652K [0x0000000080000000, 0x0000000084300000, 0x00000000d5580000)
  object space 68608K, 82% used [0x0000000080000000,0x00000000837533e0,0x0000000084300000)
 Metaspace       used 55528K, committed 56960K, reserved 1114112K
  class space    used 5898K, committed 6528K, reserved 1048576K
}
Event: 48.569 GC heap before
{Heap before GC invocations=47 (full 2):
 PSYoungGen      total 20992K, used 20438K [0x00000000d5580000, 0x00000000d6b00000, 0x0000000100000000)
  eden space 19968K, 99% used [0x00000000d5580000,0x00000000d68f1de0,0x00000000d6900000)
  from space 1024K, 51% used [0x00000000d6a00000,0x00000000d6a83cc8,0x00000000d6b00000)
  to   space 1024K, 0% used [0x00000000d6900000,0x00000000d6900000,0x00000000d6a00000)
 ParOldGen       total 68608K, used 56652K [0x0000000080000000, 0x0000000084300000, 0x00000000d5580000)
  object space 68608K, 82% used [0x0000000080000000,0x00000000837533e0,0x0000000084300000)
 Metaspace       used 56148K, committed 57664K, reserved 1114112K
  class space    used 6005K, committed 6656K, reserved 1048576K
}
Event: 48.571 GC heap after
{Heap after GC invocations=47 (full 2):
 PSYoungGen      total 20992K, used 373K [0x00000000d5580000, 0x00000000d6a80000, 0x0000000100000000)
  eden space 19968K, 0% used [0x00000000d5580000,0x00000000d5580000,0x00000000d6900000)
  from space 1024K, 36% used [0x00000000d6900000,0x00000000d695d7e8,0x00000000d6a00000)
  to   space 512K, 0% used [0x00000000d6a00000,0x00000000d6a00000,0x00000000d6a80000)
 ParOldGen       total 68608K, used 57028K [0x0000000080000000, 0x0000000084300000, 0x00000000d5580000)
  object space 68608K, 83% used [0x0000000080000000,0x00000000837b13e0,0x0000000084300000)
 Metaspace       used 56148K, committed 57664K, reserved 1114112K
  class space    used 6005K, committed 6656K, reserved 1048576K
}
Event: 49.922 GC heap before
{Heap before GC invocations=48 (full 2):
 PSYoungGen      total 20992K, used 20296K [0x00000000d5580000, 0x00000000d6a80000, 0x0000000100000000)
  eden space 19968K, 99% used [0x00000000d5580000,0x00000000d68f4968,0x00000000d6900000)
  from space 1024K, 36% used [0x00000000d6900000,0x00000000d695d7e8,0x00000000d6a00000)
  to   space 512K, 0% used [0x00000000d6a00000,0x00000000d6a00000,0x00000000d6a80000)
 ParOldGen       total 68608K, used 57028K [0x0000000080000000, 0x0000000084300000, 0x00000000d5580000)
  object space 68608K, 83% used [0x0000000080000000,0x00000000837b13e0,0x0000000084300000)
 Metaspace       used 57225K, committed 58624K, reserved 1114112K
  class space    used 6117K, committed 6720K, reserved 1048576K
}
Event: 49.924 GC heap after
{Heap after GC invocations=48 (full 2):
 PSYoungGen      total 20480K, used 448K [0x00000000d5580000, 0x00000000d6a80000, 0x0000000100000000)
  eden space 19968K, 0% used [0x00000000d5580000,0x00000000d5580000,0x00000000d6900000)
  from space 512K, 87% used [0x00000000d6a00000,0x00000000d6a70010,0x00000000d6a80000)
  to   space 512K, 0% used [0x00000000d6980000,0x00000000d6980000,0x00000000d6a00000)
 ParOldGen       total 68608K, used 57325K [0x0000000080000000, 0x0000000084300000, 0x00000000d5580000)
  object space 68608K, 83% used [0x0000000080000000,0x00000000837fb480,0x0000000084300000)
 Metaspace       used 57225K, committed 58624K, reserved 1114112K
  class space    used 6117K, committed 6720K, reserved 1048576K
}
Event: 50.843 GC heap before
{Heap before GC invocations=49 (full 2):
 PSYoungGen      total 20480K, used 15935K [0x00000000d5580000, 0x00000000d6a80000, 0x0000000100000000)
  eden space 19968K, 77% used [0x00000000d5580000,0x00000000d649ff18,0x00000000d6900000)
  from space 512K, 87% used [0x00000000d6a00000,0x00000000d6a70010,0x00000000d6a80000)
  to   space 512K, 0% used [0x00000000d6980000,0x00000000d6980000,0x00000000d6a00000)
 ParOldGen       total 68608K, used 57325K [0x0000000080000000, 0x0000000084300000, 0x00000000d5580000)
  object space 68608K, 83% used [0x0000000080000000,0x00000000837fb480,0x0000000084300000)
 Metaspace       used 58332K, committed 59776K, reserved 1114112K
  class space    used 6185K, committed 6848K, reserved 1048576K
}
Event: 50.846 GC heap after
{Heap after GC invocations=49 (full 2):
 PSYoungGen      total 20480K, used 487K [0x00000000d5580000, 0x00000000d7300000, 0x0000000100000000)
  eden space 19968K, 0% used [0x00000000d5580000,0x00000000d5580000,0x00000000d6900000)
  from space 512K, 95% used [0x00000000d6980000,0x00000000d69f9e18,0x00000000d6a00000)
  to   space 5120K, 0% used [0x00000000d6e00000,0x00000000d6e00000,0x00000000d7300000)
 ParOldGen       total 68608K, used 61012K [0x0000000080000000, 0x0000000084300000, 0x00000000d5580000)
  object space 68608K, 88% used [0x0000000080000000,0x0000000083b95148,0x0000000084300000)
 Metaspace       used 58332K, committed 59776K, reserved 1114112K
  class space    used 6185K, committed 6848K, reserved 1048576K
}
Event: 50.846 GC heap before
{Heap before GC invocations=50 (full 3):
 PSYoungGen      total 20480K, used 487K [0x00000000d5580000, 0x00000000d7300000, 0x0000000100000000)
  eden space 19968K, 0% used [0x00000000d5580000,0x00000000d5580000,0x00000000d6900000)
  from space 512K, 95% used [0x00000000d6980000,0x00000000d69f9e18,0x00000000d6a00000)
  to   space 5120K, 0% used [0x00000000d6e00000,0x00000000d6e00000,0x00000000d7300000)
 ParOldGen       total 68608K, used 61012K [0x0000000080000000, 0x0000000084300000, 0x00000000d5580000)
  object space 68608K, 88% used [0x0000000080000000,0x0000000083b95148,0x0000000084300000)
 Metaspace       used 58332K, committed 59776K, reserved 1114112K
  class space    used 6185K, committed 6848K, reserved 1048576K
}
Event: 51.028 GC heap after
{Heap after GC invocations=50 (full 3):
 PSYoungGen      total 20480K, used 0K [0x00000000d5580000, 0x00000000d7300000, 0x0000000100000000)
  eden space 19968K, 0% used [0x00000000d5580000,0x00000000d5580000,0x00000000d6900000)
  from space 512K, 0% used [0x00000000d6980000,0x00000000d6980000,0x00000000d6a00000)
  to   space 5120K, 0% used [0x00000000d6e00000,0x00000000d6e00000,0x00000000d7300000)
 ParOldGen       total 68608K, used 51971K [0x0000000080000000, 0x0000000084300000, 0x00000000d5580000)
  object space 68608K, 75% used [0x0000000080000000,0x00000000832c0fa8,0x0000000084300000)
 Metaspace       used 58332K, committed 59776K, reserved 1114112K
  class space    used 6185K, committed 6848K, reserved 1048576K
}
Event: 52.080 GC heap before
{Heap before GC invocations=51 (full 3):
 PSYoungGen      total 20480K, used 19968K [0x00000000d5580000, 0x00000000d7300000, 0x0000000100000000)
  eden space 19968K, 100% used [0x00000000d5580000,0x00000000d6900000,0x00000000d6900000)
  from space 512K, 0% used [0x00000000d6980000,0x00000000d6980000,0x00000000d6a00000)
  to   space 5120K, 0% used [0x00000000d6e00000,0x00000000d6e00000,0x00000000d7300000)
 ParOldGen       total 68608K, used 51971K [0x0000000080000000, 0x0000000084300000, 0x00000000d5580000)
  object space 68608K, 75% used [0x0000000080000000,0x00000000832c0fa8,0x0000000084300000)
 Metaspace       used 58893K, committed 60416K, reserved 1114112K
  class space    used 6243K, committed 6912K, reserved 1048576K
}
Event: 52.085 GC heap after
{Heap after GC invocations=51 (full 3):
 PSYoungGen      total 21504K, used 1152K [0x00000000d5580000, 0x00000000d6f80000, 0x0000000100000000)
  eden space 19968K, 0% used [0x00000000d5580000,0x00000000d5580000,0x00000000d6900000)
  from space 1536K, 75% used [0x00000000d6e00000,0x00000000d6f20020,0x00000000d6f80000)
  to   space 2560K, 0% used [0x00000000d6a80000,0x00000000d6a80000,0x00000000d6d00000)
 ParOldGen       total 68608K, used 51979K [0x0000000080000000, 0x0000000084300000, 0x00000000d5580000)
  object space 68608K, 75% used [0x0000000080000000,0x00000000832c2fa8,0x0000000084300000)
 Metaspace       used 58893K, committed 60416K, reserved 1114112K
  class space    used 6243K, committed 6912K, reserved 1048576K
}

